<!DOCTYPE html PUBLIC "-//W3C//DTD XHTML 1.1//EN" "http://www.w3.org/TR/xhtml11/DTD/xhtml11.dtd">
<html xmlns="http://www.w3.org/1999/xhtml"><head><title>TestNG Report</title><style type="text/css">table {margin-bottom:10px;border-collapse:collapse;empty-cells:show}th,td {border:1px solid #009;padding:.25em .5em}th {vertical-align:bottom}td {vertical-align:top}table a {font-weight:bold}.stripe td {background-color: #E6EBF9}.num {text-align:right}.passedodd td {background-color: #3F3}.passedeven td {background-color: #0A0}.skippedodd td {background-color: #DDD}.skippedeven td {background-color: #CCC}.failedodd td,.attn {background-color: #F33}.failedeven td,.stripe .attn {background-color: #D00}.stacktrace {white-space:pre;font-family:monospace}.totop {font-size:85%;text-align:center;border-bottom:2px solid #000}</style></head><body><table><tr><th>Test</th><th># Passed</th><th># Skipped</th><th># Failed</th><th>Time (ms)</th><th>Included Groups</th><th>Excluded Groups</th></tr><tr><th colspan="7">Suite B</th></tr><tr><td><a href="#t0">Test 1</a></td><td class="num">0</td><td class="num attn">3</td><td class="num">0</td><td class="num">234</td><td></td><td></td></tr><tr class="stripe"><td><a href="#t1">Test 2</a></td><td class="num">0</td><td class="num attn">3</td><td class="num">0</td><td class="num">264</td><td></td><td></td></tr><tr><th colspan="7">My Project</th></tr><tr><th colspan="7">PortFolioTest</th></tr><tr><td><a href="#t2">Test 1</a></td><td class="num">0</td><td class="num">0</td><td class="num attn">2</td><td class="num">1,253</td><td></td><td></td></tr><tr class="stripe"><td><a href="#t3">Test 2</a></td><td class="num">1</td><td class="num">0</td><td class="num">0</td><td class="num">80,736</td><td></td><td></td></tr><tr><th>Total</th><th class="num">1</th><th class="num attn">6</th><th class="num attn">2</th><th class="num">82,487</th><th colspan="2"></th></tr></table><table><thead><tr><th>Class</th><th>Method</th><th>Start</th><th>Time (ms)</th></tr></thead><tbody><tr><th colspan="4">Suite B</th></tr></tbody><tbody id="t0"><tr><th colspan="4">Test 1 &#8212; skipped</th></tr><tr class="skippedeven"><td rowspan="3">com.qtpselenium.framework.datadriven.suiteB.Test1</td><td><a href="#m0">test1</a></td><td rowspan="3">1418750064527</td><td rowspan="3">63</td></tr><tr class="skippedeven"><td><a href="#m1">test1</a></td></tr><tr class="skippedeven"><td><a href="#m2">test1</a></td></tr></tbody><tbody id="t1"><tr><th colspan="4">Test 2 &#8212; skipped</th></tr><tr class="skippedeven"><td rowspan="3">com.qtpselenium.framework.datadriven.suiteB.Test2</td><td><a href="#m3">test2</a></td><td rowspan="3">1418750064771</td><td rowspan="3">58</td></tr><tr class="skippedeven"><td><a href="#m4">test2</a></td></tr><tr class="skippedeven"><td><a href="#m5">test2</a></td></tr></tbody><tbody><tr><th colspan="4">My Project</th></tr></tbody><tbody><tr><th colspan="4">PortFolioTest</th></tr></tbody><tbody id="t2"><tr><th colspan="4">Test 1 &#8212; failed</th></tr><tr class="failedeven"><td rowspan="2">com.qtpselenium.framework.datadriven.PortFolioTest.LoginTest</td><td><a href="#m6">logintest</a></td><td rowspan="2">1418749981710</td><td rowspan="2">93</td></tr><tr class="failedeven"><td><a href="#m7">logintest</a></td></tr></tbody><tbody id="t3"><tr><th colspan="4">Test 2 &#8212; passed</th></tr><tr class="passedeven"><td rowspan="1">com.qtpselenium.framework.datadriven.PortFolioTest.LeastPerAssetTest</td><td><a href="#m8">leastPerAssetTest</a></td><td rowspan="1">1418749981962</td><td rowspan="1">47676</td></tr></tbody></table><h2>Test 1</h2><h3 id="m0">com.qtpselenium.framework.datadriven.suiteB.Test1#test1</h3><table class="result"><tr class="param"><th>Parameter #1</th></tr><tr class="param stripe"><td>{Col3=C35, Col2=C24, Col1=C31, Runmode=Y, Result=}</td></tr><tr><th>Exception</th></tr><tr><td><div class="stacktrace">org.testng.SkipException: Skipping the test::: Test1    inside the ::: SuiteB
	at com.qtpselenium.framework.datadriven.TestBase.validateRunmodes(TestBase.java:86)
	at com.qtpselenium.framework.datadriven.suiteB.Test1.test1(Test1.java:22)
... Removed 25 stack frames</div></td></tr></table><p class="totop"><a href="#summary">back to summary</a></p><h3 id="m1">com.qtpselenium.framework.datadriven.suiteB.Test1#test1</h3><table class="result"><tr class="param"><th>Parameter #1</th></tr><tr class="param stripe"><td>{Col3=C34, Col2=C23, Col1=C21, Runmode=N, Result=}</td></tr><tr><th>Exception</th></tr><tr><td><div class="stacktrace">org.testng.SkipException: Skipping the test::: Test1    inside the ::: SuiteB
	at com.qtpselenium.framework.datadriven.TestBase.validateRunmodes(TestBase.java:86)
	at com.qtpselenium.framework.datadriven.suiteB.Test1.test1(Test1.java:22)
... Removed 25 stack frames</div></td></tr></table><p class="totop"><a href="#summary">back to summary</a></p><h3 id="m2">com.qtpselenium.framework.datadriven.suiteB.Test1#test1</h3><table class="result"><tr class="param"><th>Parameter #1</th></tr><tr class="param stripe"><td>{Col3=C33, Col2=C22, Col1=C11, Runmode=Y, Result=}</td></tr><tr><th>Exception</th></tr><tr><td><div class="stacktrace">org.testng.SkipException: Skipping the test::: Test1    inside the ::: SuiteB
	at com.qtpselenium.framework.datadriven.TestBase.validateRunmodes(TestBase.java:86)
	at com.qtpselenium.framework.datadriven.suiteB.Test1.test1(Test1.java:22)
... Removed 25 stack frames</div></td></tr></table><p class="totop"><a href="#summary">back to summary</a></p><h2>Test 2</h2><h3 id="m3">com.qtpselenium.framework.datadriven.suiteB.Test2#test2</h3><table class="result"><tr class="param"><th>Parameter #1</th></tr><tr class="param stripe"><td>{Col4=C45, Col3=C34, Col2=C23, Col1=C21, Runmode=N, Result=}</td></tr><tr><th>Exception</th></tr><tr><td><div class="stacktrace">org.testng.SkipException: Skipping the test::: Test2    inside the ::: SuiteB
	at com.qtpselenium.framework.datadriven.TestBase.validateRunmodes(TestBase.java:86)
	at com.qtpselenium.framework.datadriven.suiteB.Test2.test2(Test2.java:17)
... Removed 25 stack frames</div></td></tr></table><p class="totop"><a href="#summary">back to summary</a></p><h3 id="m4">com.qtpselenium.framework.datadriven.suiteB.Test2#test2</h3><table class="result"><tr class="param"><th>Parameter #1</th></tr><tr class="param stripe"><td>{Col4=C43, Col3=C33, Col2=C22, Col1=C11, Runmode=Y, Result=}</td></tr><tr><th>Exception</th></tr><tr><td><div class="stacktrace">org.testng.SkipException: Skipping the test::: Test2    inside the ::: SuiteB
	at com.qtpselenium.framework.datadriven.TestBase.validateRunmodes(TestBase.java:86)
	at com.qtpselenium.framework.datadriven.suiteB.Test2.test2(Test2.java:17)
... Removed 25 stack frames</div></td></tr></table><p class="totop"><a href="#summary">back to summary</a></p><h3 id="m5">com.qtpselenium.framework.datadriven.suiteB.Test2#test2</h3><table class="result"><tr class="param"><th>Parameter #1</th></tr><tr class="param stripe"><td>{Col4=C46, Col3=C35, Col2=C24, Col1=C31, Runmode=Y, Result=}</td></tr><tr><th>Exception</th></tr><tr><td><div class="stacktrace">org.testng.SkipException: Skipping the test::: Test2    inside the ::: SuiteB
	at com.qtpselenium.framework.datadriven.TestBase.validateRunmodes(TestBase.java:86)
	at com.qtpselenium.framework.datadriven.suiteB.Test2.test2(Test2.java:17)
... Removed 25 stack frames</div></td></tr></table><p class="totop"><a href="#summary">back to summary</a></p><h2>Test 1</h2><h3 id="m6">com.qtpselenium.framework.datadriven.PortFolioTest.LoginTest#logintest</h3><table class="result"><tr class="param"><th>Parameter #1</th></tr><tr class="param stripe"><td>{Username=naveen_v201985@rediffmail.com, Password=greffendor, Runmode=Y, Expected_Result=SUCCESS, Browser=Mozilla, Result=}</td></tr><tr><th>Exception</th></tr><tr><td><div class="stacktrace">java.lang.Throwable: Multiple failures (4):nnFailure 1 of 4:njava.lang.AssertionError: expected [B] but found [A]
	at com.qtpselenium.framework.datadriven.PortFolioTest.LoginTest.logintest(LoginTest.java:37)
nnFailure 2 of 4:njava.lang.AssertionError: expected [B] but found [A]
	at com.qtpselenium.framework.datadriven.PortFolioTest.LoginTest.logintest(LoginTest.java:37)
nnFailure 3 of 4:njava.lang.Throwable: Multiple failures (2):nnFailure 1 of 2:njava.lang.AssertionError: expected [B] but found [A]
	at com.qtpselenium.framework.datadriven.PortFolioTest.LoginTest.logintest(LoginTest.java:37)
nnFailure 2 of 2:njava.lang.AssertionError: expected [B] but found [A]
	at com.qtpselenium.framework.datadriven.PortFolioTest.LoginTest.logintest(LoginTest.java:37)
nnFailure 4 of 4:njava.lang.Throwable: Multiple failures (3):nnFailure 1 of 3:njava.lang.AssertionError: expected [B] but found [A]
	at com.qtpselenium.framework.datadriven.PortFolioTest.LoginTest.logintest(LoginTest.java:37)
nnFailure 2 of 3:njava.lang.AssertionError: expected [B] but found [A]
	at com.qtpselenium.framework.datadriven.PortFolioTest.LoginTest.logintest(LoginTest.java:37)
nnFailure 3 of 3:njava.lang.Throwable: Multiple failures (2):nnFailure 1 of 2:njava.lang.AssertionError: expected [B] but found [A]
	at com.qtpselenium.framework.datadriven.PortFolioTest.LoginTest.logintest(LoginTest.java:37)
nnFailure 2 of 2:njava.lang.AssertionError: expected [B] but found [A]
	at com.qtpselenium.framework.datadriven.PortFolioTest.LoginTest.logintest(LoginTest.java:37)
... Removed 240 stack frames</div></td></tr></table><p class="totop"><a href="#summary">back to summary</a></p><h3 id="m7">com.qtpselenium.framework.datadriven.PortFolioTest.LoginTest#logintest</h3><table class="result"><tr class="param"><th>Parameter #1</th></tr><tr class="param stripe"><td>{Username=naveen_v201985@rediffmail.com, Password=greffendor, Runmode=Y, Expected_Result=SUCCESS, Browser=Mozilla, Result=}</td></tr><tr><th>Exception</th></tr><tr><td><div class="stacktrace">java.lang.Throwable: Multiple failures (4):nnFailure 1 of 4:njava.lang.AssertionError: expected [B] but found [A]
	at com.qtpselenium.framework.datadriven.PortFolioTest.LoginTest.logintest(LoginTest.java:37)
nnFailure 2 of 4:njava.lang.AssertionError: expected [B] but found [A]
	at com.qtpselenium.framework.datadriven.PortFolioTest.LoginTest.logintest(LoginTest.java:37)
nnFailure 3 of 4:njava.lang.Throwable: Multiple failures (2):nnFailure 1 of 2:njava.lang.AssertionError: expected [B] but found [A]
	at com.qtpselenium.framework.datadriven.PortFolioTest.LoginTest.logintest(LoginTest.java:37)
nnFailure 2 of 2:njava.lang.AssertionError: expected [B] but found [A]
	at com.qtpselenium.framework.datadriven.PortFolioTest.LoginTest.logintest(LoginTest.java:37)
nnFailure 4 of 4:njava.lang.Throwable: Multiple failures (3):nnFailure 1 of 3:njava.lang.AssertionError: expected [B] but found [A]
	at com.qtpselenium.framework.datadriven.PortFolioTest.LoginTest.logintest(LoginTest.java:37)
nnFailure 2 of 3:njava.lang.AssertionError: expected [B] but found [A]
	at com.qtpselenium.framework.datadriven.PortFolioTest.LoginTest.logintest(LoginTest.java:37)
nnFailure 3 of 3:njava.lang.Throwable: Multiple failures (2):nnFailure 1 of 2:njava.lang.AssertionError: expected [B] but found [A]
	at com.qtpselenium.framework.datadriven.PortFolioTest.LoginTest.logintest(LoginTest.java:37)
nnFailure 2 of 2:njava.lang.AssertionError: expected [B] but found [A]
	at com.qtpselenium.framework.datadriven.PortFolioTest.LoginTest.logintest(LoginTest.java:37)
... Removed 240 stack frames</div></td></tr></table><p class="totop"><a href="#summary">back to summary</a></p><h2>Test 2</h2><h3 id="m8">com.qtpselenium.framework.datadriven.PortFolioTest.LeastPerAssetTest#leastPerAssetTest</h3><table class="result"><tr class="param"><th>Parameter #1</th></tr><tr class="param stripe"><td>{Username=naveen_v201985@rediffmail.com, Password=greffendor, Runmode=Y, Browser=Mozilla, Result=}</td></tr></table><p class="totop"><a href="#summary">back to summary</a></p></body></html>