<?xml version="1.0" encoding="UTF-8"?>
<testsuite hostname="LMTN202461" name="com.qtpselenium.framework.datadriven.PortFolioTest.LoginTest" tests="2" failures="2" timestamp="15 Dec 2014 23:57:00 GMT" time="0.933" errors="0">
  <testcase name="logintest" time="0.101" classname="com.qtpselenium.framework.datadriven.PortFolioTest.LoginTest">
    <failure type="java.lang.AssertionError" message="expected:&amp;lt;B&amp;gt; but was:&amp;lt;A&amp;gt;">
      <![CDATA[java.lang.AssertionError: expected:<B> but was:<A>
	at com.qtpselenium.framework.datadriven.PortFolioTest.LoginTest.logintest(LoginTest.java:37)
	at org.apache.maven.surefire.testng.TestNGExecutor.run(TestNGExecutor.java:178)
	at org.apache.maven.surefire.testng.TestNGXmlTestSuite.execute(TestNGXmlTestSuite.java:92)
	at org.apache.maven.surefire.testng.TestNGProvider.invoke(TestNGProvider.java:96)
	at org.apache.maven.surefire.util.ReflectionUtils.invokeMethodWithArray(ReflectionUtils.java:189)
	at org.apache.maven.surefire.booter.ProviderFactory$ProviderProxy.invoke(ProviderFactory.java:165)
	at org.apache.maven.surefire.booter.ProviderFactory.invokeProvider(ProviderFactory.java:85)
	at org.apache.maven.surefire.booter.ForkedBooter.runSuitesInProcess(ForkedBooter.java:115)
	at org.apache.maven.surefire.booter.ForkedBooter.main(ForkedBooter.java:75)
... Removed 32 stack frames]]>
    </failure>
  </testcase>
  <testcase name="logintest" time="0.087" classname="com.qtpselenium.framework.datadriven.PortFolioTest.LoginTest">
    <failure type="java.lang.AssertionError" message="expected:&amp;lt;B&amp;gt; but was:&amp;lt;A&amp;gt;">
      <![CDATA[java.lang.AssertionError: expected:<B> but was:<A>
	at com.qtpselenium.framework.datadriven.PortFolioTest.LoginTest.logintest(LoginTest.java:37)
	at org.apache.maven.surefire.testng.TestNGExecutor.run(TestNGExecutor.java:178)
	at org.apache.maven.surefire.testng.TestNGXmlTestSuite.execute(TestNGXmlTestSuite.java:92)
	at org.apache.maven.surefire.testng.TestNGProvider.invoke(TestNGProvider.java:96)
	at org.apache.maven.surefire.util.ReflectionUtils.invokeMethodWithArray(ReflectionUtils.java:189)
	at org.apache.maven.surefire.booter.ProviderFactory$ProviderProxy.invoke(ProviderFactory.java:165)
	at org.apache.maven.surefire.booter.ProviderFactory.invokeProvider(ProviderFactory.java:85)
	at org.apache.maven.surefire.booter.ForkedBooter.runSuitesInProcess(ForkedBooter.java:115)
	at org.apache.maven.surefire.booter.ForkedBooter.main(ForkedBooter.java:75)
... Removed 32 stack frames]]>
    </failure>
  </testcase>
</testsuite>
